<?xml version="1.0" encoding="UTF-8"?>
<!-- Generated by org.testng.reporters.JUnitReportReporter -->
<testsuite hostname="Fatima" failures="0" tests="1" name="Runner_file.runner_pwc" time="0.203" errors="0" timestamp="2024-09-07T20:14:54 IST" skipped="0">
  <testcase classname="Runner_file.runner_pwc" name="scenario" time="0.203"/>
</testsuite> <!-- Runner_file.runner_pwc -->
